<?xml version="1.0" encoding="UTF-8"?>
<testsuite xmlns:xsi="http://www.w3.org/2001/XMLSchema-instance" xsi:noNamespaceSchemaLocation="https://maven.apache.org/surefire/maven-surefire-plugin/xsd/surefire-test-report.xsd" version="3.0.2" name="cucumberOptions.TestRunner" time="75.494" tests="1" errors="0" skipped="0" failures="0">
  <properties>
[...]
</properties>
  <testcase name="runScenario[&quot;Search buses from Mumbai to Pune&quot;, &quot;Bus Search&quot;](1)" classname="cucumberOptions.TestRunner" time="73.601">
    <system-out><![CDATA[
Scenario: Search buses from Mumbai to Pune    # src/test/resources/features/SearchBus.feature:6
10:19:50.286 [TestNG-PoolService-1] INFO  hooks.ScenarioHook -  SCENARIO START: Search buses from Mumbai to Pune
10:20:02.468 [TestNG-PoolService-1] INFO  hooks.ScenarioHook - Browser launched successfully for scenario: Search buses from Mumbai to Pune
AbhiBus website opened successfully. URL: https://www.abhibus.com/
  ✔ Given User opens Abhibus website          # stepDefinitions.SearchBusStep.user_opens_abhibus_website()
Entered source city: Mumbai
  ✔ When User enters "Mumbai" in Leaving From # stepDefinitions.SearchBusStep.user_enters_in_leaving_from(java.lang.String)
Entered destination city: Pune
  ✔ And User enters "Pune" in Going To        # stepDefinitions.SearchBusStep.user_enters_in_going_to(java.lang.String)
Travel date selected successfully.
  ✔ And User selects travel date              # stepDefinitions.SearchBusStep.user_selects_travel_date()
Search button clicked.
  ✔ And User clicks Search                    # stepDefinitions.SearchBusStep.user_clicks_search()
Results page URL: https://www.abhibus.com/bus_search/Mumbai/4/Pune/51/25-06-2026/O
Bus results are displayed successfully.
  ✔ Then Bus results should appear            # stepDefinitions.SearchBusStep.bus_results_should_appear()
Applying AC Filter...
AC Filter applied successfully.
AC filter step executed.
  ✔ And User selects AC filter                # stepDefinitions.SearchBusStep.user_selects_ac_filter()
Applying Cheapest First Sort...
Cheapest First Sort applied successfully.
Cheapest first filter step executed.
  ✔ And User selects Cheapest first filter    # stepDefinitions.SearchBusStep.user_selects_cheapest_first_filter()
Applying Departure Time Filter (5 PM - 11 PM)...
Departure Time Filter applied successfully.
Departure time filter step executed.
  ✔ And User selects departure time filter    # stepDefinitions.SearchBusStep.user_selects_departure_time_filter()
10:21:00.389 [TestNG-PoolService-1] INFO  hooks.ScenarioHook -  SCENARIO END: Search buses from Mumbai to Pune
10:21:00.396 [TestNG-PoolService-1] INFO  hooks.ScenarioHook -  Status: PASSED
10:21:00.396 [TestNG-PoolService-1] ERROR hooks.ScenarioHook - SCENARIO PASSED: Search buses from Mumbai to Pune — Capturing screenshot...

        Embedding Success Screenshot - Search buses from Mumbai to Pune [image/png 126204 bytes]

10:21:00.830 [TestNG-PoolService-1] INFO  hooks.ScenarioHook - Screenshot attached to Cucumber report.
10:21:02.553 [TestNG-PoolService-1] INFO  hooks.ScenarioHook - Browser closed successfully.
]]></system-out>
    <system-err><![CDATA[SLF4J(W): No SLF4J providers were found.
SLF4J(W): Defaulting to no-operation (NOP) logger implementation
SLF4J(W): See https://www.slf4j.org/codes.html#noProviders for further details.
Jun 24, 2026 10:19:56 AM org.openqa.selenium.devtools.CdpVersionFinder findNearestMatch
WARNING: Unable to find an exact match for CDP version 149, returning the closest version; found: 148; Please update to a Selenium version that supports CDP version 149
]]></system-err>
  </testcase>
</testsuite>