<?xml version="1.0" encoding="UTF-8"?>
<testng-results ignored="0" total="1" passed="1" failed="0" skipped="0">
  <reporter-output>
  </reporter-output>
  <suite started-at="2026-06-24T10:15:03 IST" name="Default suite" finished-at="2026-06-24T10:16:17 IST" duration-ms="74841">
    <groups>
      <group name="cucumber">
        <method signature="AbstractTestNGCucumberTests.runScenario(io.cucumber.testng.PickleWrapper,io.cucumber.testng.FeatureWrapper)[pri:0, instance:cucumberOptions.TestRunner@22f59fa]" name="runScenario" class="io.cucumber.testng.AbstractTestNGCucumberTests"/>
      </group> <!-- cucumber -->
    </groups>
    <test started-at="2026-06-24T10:15:03 IST" name="Default test" finished-at="2026-06-24T10:16:17 IST" duration-ms="74841">
      <class name="cucumberOptions.TestRunner">
        <test-method is-config="true" signature="setUpClass(org.testng.ITestContext)[pri:0, instance:cucumberOptions.TestRunner@22f59fa]" started-at="2026-06-24T10:15:03 IST" name="setUpClass" finished-at="2026-06-24T10:15:03 IST" duration-ms="627" status="PASS">
          <params>
            <param index="0">
              <value>
                <![CDATA[org.testng.TestRunner@2783717b]]>
              </value>
            </param>
          </params>
          <reporter-output>
          </reporter-output>
        </test-method> <!-- setUpClass -->
        <test-method signature="runScenario(io.cucumber.testng.PickleWrapper,io.cucumber.testng.FeatureWrapper)[pri:0, instance:cucumberOptions.TestRunner@22f59fa]" started-at="2026-06-24T10:15:03 IST" name="runScenario" description="Runs Cucumber Scenarios" data-provider="scenarios" finished-at="2026-06-24T10:16:17 IST" duration-ms="74062" status="PASS">
          <params>
            <param index="0">
              <value>
                <![CDATA["Search buses from Mumbai to Pune"]]>
              </value>
            </param>
            <param index="1">
              <value>
                <![CDATA["Bus Search"]]>
              </value>
            </param>
          </params>
          <reporter-output>
          </reporter-output>
        </test-method> <!-- runScenario -->
        <test-method is-config="true" signature="tearDownClass()[pri:0, instance:cucumberOptions.TestRunner@22f59fa]" started-at="2026-06-24T10:16:17 IST" name="tearDownClass" finished-at="2026-06-24T10:16:17 IST" duration-ms="5" status="PASS">
          <reporter-output>
          </reporter-output>
        </test-method> <!-- tearDownClass -->
      </class> <!-- cucumberOptions.TestRunner -->
    </test> <!-- Default test -->
  </suite> <!-- Default suite -->
</testng-results>
